<?xml version="1.0" encoding="UTF-8"?>
<testng-results ignored="0" total="5" passed="5" failed="0" skipped="0">
  <reporter-output>
  </reporter-output>
  <suite started-at="2022-02-24T15:04:43 IST" name="Suite" finished-at="2022-02-24T15:04:43 IST" duration-ms="73">
    <groups>
    </groups>
    <test started-at="2022-02-24T15:04:43 IST" name="Test" finished-at="2022-02-24T15:04:43 IST" duration-ms="73">
      <class name="qaclickacademy.Mavenjava.RestAPITest">
        <test-method signature="deleteTwitter()[pri:0, instance:qaclickacademy.Mavenjava.RestAPITest@1af2d44a]" started-at="2022-02-24T15:04:43 IST" name="deleteTwitter" finished-at="2022-02-24T15:04:43 IST" duration-ms="16" status="PASS">
          <reporter-output>
          </reporter-output>
        </test-method> <!-- deleteTwitter -->
      </class> <!-- qaclickacademy.Mavenjava.RestAPITest -->
      <class name="qaclickacademy.Mavenjava.AppiumTest">
        <test-method signature="IOSApps()[pri:0, instance:qaclickacademy.Mavenjava.AppiumTest@5a56cdac]" started-at="2022-02-24T15:04:43 IST" name="IOSApps" finished-at="2022-02-24T15:04:43 IST" duration-ms="1" status="PASS">
          <reporter-output>
          </reporter-output>
        </test-method> <!-- IOSApps -->
        <test-method signature="NativeAPPAndroid()[pri:0, instance:qaclickacademy.Mavenjava.AppiumTest@5a56cdac]" started-at="2022-02-24T15:04:43 IST" name="NativeAPPAndroid" finished-at="2022-02-24T15:04:43 IST" duration-ms="1" status="PASS">
          <reporter-output>
          </reporter-output>
        </test-method> <!-- NativeAPPAndroid -->
      </class> <!-- qaclickacademy.Mavenjava.AppiumTest -->
      <class name="qaclickacademy.Mavenjava.SeleniumTest">
        <test-method signature="BrowserAutomation()[pri:0, instance:qaclickacademy.Mavenjava.SeleniumTest@7c711375]" started-at="2022-02-24T15:04:43 IST" name="BrowserAutomation" finished-at="2022-02-24T15:04:43 IST" duration-ms="2" status="PASS">
          <reporter-output>
          </reporter-output>
        </test-method> <!-- BrowserAutomation -->
        <test-method signature="elementsUI()[pri:0, instance:qaclickacademy.Mavenjava.SeleniumTest@7c711375]" started-at="2022-02-24T15:04:43 IST" name="elementsUI" finished-at="2022-02-24T15:04:43 IST" duration-ms="1" status="PASS">
          <reporter-output>
          </reporter-output>
        </test-method> <!-- elementsUI -->
      </class> <!-- qaclickacademy.Mavenjava.SeleniumTest -->
    </test> <!-- Test -->
  </suite> <!-- Suite -->
</testng-results>
